[0.674s] Invoking command in '/home/anish/ps1_ws/src/build/dijkstra_planner': CMAKE_PREFIX_PATH=${CMAKE_PREFIX_PATH}:/opt/ros/humble /usr/bin/cmake /home/anish/ps1_ws/src/dijkstra_planner -DCMAKE_INSTALL_PREFIX=/home/anish/ps1_ws/src/install/dijkstra_planner
[0.755s] -- The C compiler identification is GNU 11.4.0
[0.843s] -- The CXX compiler identification is GNU 11.4.0
[0.855s] -- Detecting C compiler ABI info
[0.969s] -- Detecting C compiler ABI info - done
[0.978s] -- Check for working C compiler: /usr/bin/cc - skipped
[0.979s] -- Detecting C compile features
[0.979s] -- Detecting C compile features - done
[0.985s] -- Detecting CXX compiler ABI info
[1.132s] -- Detecting CXX compiler ABI info - done
[1.144s] -- Check for working CXX compiler: /usr/bin/c++ - skipped
[1.144s] -- Detecting CXX compile features
[1.144s] -- Detecting CXX compile features - done
[1.149s] -- Found ament_cmake: 1.3.11 (/opt/ros/humble/share/ament_cmake/cmake)
[1.379s] -- Found Python3: /usr/bin/python3 (found version "3.10.12") found components: Interpreter 
[1.571s] -- Found rclcpp: 16.0.12 (/opt/ros/humble/share/rclcpp/cmake)
[1.646s] -- Found rosidl_generator_c: 3.1.6 (/opt/ros/humble/share/rosidl_generator_c/cmake)
[1.658s] -- Found rosidl_adapter: 3.1.6 (/opt/ros/humble/share/rosidl_adapter/cmake)
[1.674s] -- Found rosidl_generator_cpp: 3.1.6 (/opt/ros/humble/share/rosidl_generator_cpp/cmake)
[1.692s] -- Using all available rosidl_typesupport_c: rosidl_typesupport_fastrtps_c;rosidl_typesupport_introspection_c
[1.716s] -- Using all available rosidl_typesupport_cpp: rosidl_typesupport_fastrtps_cpp;rosidl_typesupport_introspection_cpp
[1.777s] -- Found rmw_implementation_cmake: 6.1.2 (/opt/ros/humble/share/rmw_implementation_cmake/cmake)
[1.782s] -- Found rmw_cyclonedds_cpp: 1.3.4 (/opt/ros/humble/share/rmw_cyclonedds_cpp/cmake)
[1.811s] -- Using RMW implementation 'rmw_cyclonedds_cpp' as default
[1.824s] -- Looking for pthread.h
[1.904s] -- Looking for pthread.h - found
[1.904s] -- Performing Test CMAKE_HAVE_LIBC_PTHREAD
[1.982s] -- Performing Test CMAKE_HAVE_LIBC_PTHREAD - Success
[1.983s] -- Found Threads: TRUE  
[2.053s] -- Found rclcpp_lifecycle: 16.0.12 (/opt/ros/humble/share/rclcpp_lifecycle/cmake)
[2.099s] -- Found geometry_msgs: 4.9.0 (/opt/ros/humble/share/geometry_msgs/cmake)
[2.116s] -- Found nav_msgs: 4.9.0 (/opt/ros/humble/share/nav_msgs/cmake)
[2.143s] -- Found nav2_core: 1.1.18 (/opt/ros/humble/share/nav2_core/cmake)
[2.518s] -- Found Eigen3: TRUE (found version "3.4.0") 
[2.518s] -- Ensuring Eigen3 include directory is part of orocos-kdl CMake target
[2.720s] -- Found nav2_common: 1.1.18 (/opt/ros/humble/share/nav2_common/cmake)
[2.906s] -- Found ament_lint_auto: 0.12.12 (/opt/ros/humble/share/ament_lint_auto/cmake)
[3.072s] -- Added test 'copyright' to check source files copyright and LICENSE
[3.076s] -- Added test 'cppcheck' to perform static code analysis on C / C++ code
[3.077s] -- Configured cppcheck include dirs: /home/anish/ps1_ws/src/dijkstra_planner/include
[3.077s] -- Configured cppcheck exclude dirs and/or files: 
[3.081s] -- Added test 'cpplint' to check C / C++ code against the Google style
[3.081s] -- Configured cpplint exclude dirs and/or files: 
[3.082s] -- Added test 'flake8' to check Python code syntax and style conventions
[3.083s] -- Added test 'lint_cmake' to check CMake code style
[3.084s] -- Added test 'pep257' to check Python code against some of the docstring style conventions in PEP 257
[3.087s] -- Added test 'uncrustify' to check C / C++ code style
[3.088s] -- Configured uncrustify additional arguments: 
[3.088s] -- Added test 'xmllint' to check XML markup files
[3.115s] -- Configuring done
[3.205s] -- Generating done
[3.216s] -- Build files have been written to: /home/anish/ps1_ws/src/build/dijkstra_planner
[3.243s] Invoked command in '/home/anish/ps1_ws/src/build/dijkstra_planner' returned '0': CMAKE_PREFIX_PATH=${CMAKE_PREFIX_PATH}:/opt/ros/humble /usr/bin/cmake /home/anish/ps1_ws/src/dijkstra_planner -DCMAKE_INSTALL_PREFIX=/home/anish/ps1_ws/src/install/dijkstra_planner
[3.243s] Invoking command in '/home/anish/ps1_ws/src/build/dijkstra_planner': CMAKE_PREFIX_PATH=${CMAKE_PREFIX_PATH}:/opt/ros/humble /usr/bin/cmake --build /home/anish/ps1_ws/src/build/dijkstra_planner -- -j16 -l16
[3.395s] [ 50%] [32mBuilding CXX object CMakeFiles/dijkstra_planner.dir/src/dijkstra_planner.cpp.o[0m
[9.356s] [01m[K/home/anish/ps1_ws/src/dijkstra_planner/src/dijkstra_planner.cpp:[m[K In member function â€˜[01m[Kvirtual void dijkstra_planner::DijkstraPlanner::configure(const WeakPtr&, std::string, std::shared_ptr<tf2_ros::Buffer>, std::shared_ptr<nav2_costmap_2d::Costmap2DROS>)[m[Kâ€™:
[9.356s] [01m[K/home/anish/ps1_ws/src/dijkstra_planner/src/dijkstra_planner.cpp:21:14:[m[K [01;31m[Kerror: [m[Kâ€˜[01m[Kdeclare_parameter_if_not_declared[m[Kâ€™ is not a member of â€˜[01m[Knav2_util[m[Kâ€™
[9.356s]    21 |   nav2_util::[01;31m[Kdeclare_parameter_if_not_declared[m[K(
[9.356s]       |              [01;31m[K^~~~~~~~~~~~~~~~~~~~~~~~~~~~~~~~~[m[K
[9.357s] [01m[K/home/anish/ps1_ws/src/dijkstra_planner/src/dijkstra_planner.cpp:23:14:[m[K [01;31m[Kerror: [m[Kâ€˜[01m[Kdeclare_parameter_if_not_declared[m[Kâ€™ is not a member of â€˜[01m[Knav2_util[m[Kâ€™
[9.357s]    23 |   nav2_util::[01;31m[Kdeclare_parameter_if_not_declared[m[K(
[9.357s]       |              [01;31m[K^~~~~~~~~~~~~~~~~~~~~~~~~~~~~~~~~[m[K
[9.383s] [01m[K/home/anish/ps1_ws/src/dijkstra_planner/src/dijkstra_planner.cpp:[m[K In member function â€˜[01m[Kvoid dijkstra_planner::DijkstraPlanner::worldToMap(double, double, int&, int&)[m[Kâ€™:
[9.383s] [01m[K/home/anish/ps1_ws/src/dijkstra_planner/src/dijkstra_planner.cpp:223:37:[m[K [01;31m[Kerror: [m[Kcannot bind non-const lvalue reference of type â€˜[01m[Kunsigned int&[m[Kâ€™ to a value of type â€˜[01m[Kint[m[Kâ€™
[9.383s]   223 |   if (!costmap_->worldToMap(wx, wy, [01;31m[Kmx[m[K, my)) {
[9.383s]       |                                     [01;31m[K^~[m[K
[9.384s] In file included from [01m[K/opt/ros/humble/include/nav2_costmap_2d/nav2_costmap_2d/costmap_2d_publisher.hpp:47[m[K,
[9.384s]                  from [01m[K/opt/ros/humble/include/nav2_costmap_2d/nav2_costmap_2d/costmap_2d_ros.hpp:48[m[K,
[9.384s]                  from [01m[K/opt/ros/humble/include/nav2_core/global_planner.hpp:21[m[K,
[9.384s]                  from [01m[K/home/anish/ps1_ws/src/dijkstra_planner/include/dijkstra_planner/dijkstra_planner.hpp:13[m[K,
[9.384s]                  from [01m[K/home/anish/ps1_ws/src/dijkstra_planner/src/dijkstra_planner.cpp:1[m[K:
[9.384s] [01m[K/opt/ros/humble/include/nav2_costmap_2d/nav2_costmap_2d/costmap_2d.hpp:183:56:[m[K [01;36m[Knote: [m[K  initializing argument 3 of â€˜[01m[Kbool nav2_costmap_2d::Costmap2D::worldToMap(double, double, unsigned int&, unsigned int&) const[m[Kâ€™
[9.384s]   183 |   bool worldToMap(double wx, double wy, [01;36m[Kunsigned int & mx[m[K, unsigned int & my) const;
[9.384s]       |                                         [01;36m[K~~~~~~~~~~~~~~~^~[m[K
[11.244s] gmake[2]: *** [CMakeFiles/dijkstra_planner.dir/build.make:76: CMakeFiles/dijkstra_planner.dir/src/dijkstra_planner.cpp.o] Error 1
[11.245s] gmake[1]: *** [CMakeFiles/Makefile2:137: CMakeFiles/dijkstra_planner.dir/all] Error 2
[11.245s] gmake: *** [Makefile:146: all] Error 2
[11.248s] Invoked command in '/home/anish/ps1_ws/src/build/dijkstra_planner' returned '2': CMAKE_PREFIX_PATH=${CMAKE_PREFIX_PATH}:/opt/ros/humble /usr/bin/cmake --build /home/anish/ps1_ws/src/build/dijkstra_planner -- -j16 -l16
